[debug] [2025-03-08T13:33:32.436Z] ----------------------------------------------------------------------
[debug] [2025-03-08T13:33:32.466Z] Command:       C:\Program Files\nodejs\node.exe C:\Users\josphat mande\AppData\Roaming\npm\node_modules\firebase-tools\lib\bin\firebase.js init
[debug] [2025-03-08T13:33:32.468Z] CLI Version:   13.30.0
[debug] [2025-03-08T13:33:32.469Z] Platform:      win32
[debug] [2025-03-08T13:33:32.469Z] Node Version:  v20.15.0
[debug] [2025-03-08T13:33:32.470Z] Time:          Sat Mar 08 2025 16:33:32 GMT+0300 (East Africa Time)
[debug] [2025-03-08T13:33:32.470Z] ----------------------------------------------------------------------
[debug] 
[debug] [2025-03-08T13:33:32.478Z] >>> [apiv2][query] GET https://firebase-public.firebaseio.com/cli.json [none]
[debug] [2025-03-08T13:33:32.571Z] > command requires scopes: ["email","openid","https://www.googleapis.com/auth/cloudplatformprojects.readonly","https://www.googleapis.com/auth/firebase","https://www.googleapis.com/auth/cloud-platform"]
[debug] [2025-03-08T13:33:32.572Z] > authorizing via signed-in user (jassymande19@gmail.com)
[info] 
     ######## #### ########  ######## ########     ###     ######  ########
     ##        ##  ##     ## ##       ##     ##  ##   ##  ##       ##
     ######    ##  ########  ######   ########  #########  ######  ######
     ##        ##  ##    ##  ##       ##     ## ##     ##       ## ##
     ##       #### ##     ## ######## ########  ##     ##  ######  ########

You're about to initialize a Firebase project in this directory:

  C:\Users\josphat mande\afyanafsi\afyanafsi

[debug] [2025-03-08T13:33:33.238Z] <<< [apiv2][status] GET https://firebase-public.firebaseio.com/cli.json 200
[debug] [2025-03-08T13:33:33.239Z] <<< [apiv2][body] GET https://firebase-public.firebaseio.com/cli.json {"cloudBuildErrorAfter":1594252800000,"cloudBuildWarnAfter":1590019200000,"defaultNode10After":1594252800000,"minVersion":"3.0.5","node8DeploysDisabledAfter":1613390400000,"node8RuntimeDisabledAfter":1615809600000,"node8WarnAfter":1600128000000}
[info] 
=== Project Setup
[info] 
[info] First, let's associate this project directory with a Firebase project.
[info] You can create multiple project aliases by running firebase use --add, 
[info] but for now we'll just set up a default project.
[info] 
[debug] [2025-03-08T13:35:23.199Z] Checked if tokens are valid: false, expires at: 1738734533152
[debug] [2025-03-08T13:35:23.200Z] Checked if tokens are valid: false, expires at: 1738734533152
[debug] [2025-03-08T13:35:23.200Z] > refreshing access token with scopes: []
[debug] [2025-03-08T13:35:23.203Z] >>> [apiv2][query] POST https://www.googleapis.com/oauth2/v3/token [none]
[debug] [2025-03-08T13:35:23.203Z] >>> [apiv2][body] POST https://www.googleapis.com/oauth2/v3/token [omitted]
[debug] [2025-03-08T13:35:23.746Z] <<< [apiv2][status] POST https://www.googleapis.com/oauth2/v3/token 200
[debug] [2025-03-08T13:35:23.747Z] <<< [apiv2][body] POST https://www.googleapis.com/oauth2/v3/token [omitted]
[debug] [2025-03-08T13:35:23.769Z] >>> [apiv2][query] GET https://firebase.googleapis.com/v1beta1/projects pageSize=100
[debug] [2025-03-08T13:35:24.651Z] <<< [apiv2][status] GET https://firebase.googleapis.com/v1beta1/projects 200
[debug] [2025-03-08T13:35:24.652Z] <<< [apiv2][body] GET https://firebase.googleapis.com/v1beta1/projects [omitted]
[info] i  Using project nuzihi-web (Nuzihi-web) 
[info] 
=== Dataconnect Setup
[debug] [2025-03-08T13:35:33.130Z] Checked if tokens are valid: true, expires at: 1741444522748
[debug] [2025-03-08T13:35:33.130Z] Checked if tokens are valid: true, expires at: 1741444522748
[debug] [2025-03-08T13:35:33.131Z] >>> [apiv2][query] GET https://cloudbilling.googleapis.com/v1/projects/nuzihi-web/billingInfo [none]
[debug] [2025-03-08T13:35:34.075Z] <<< [apiv2][status] GET https://cloudbilling.googleapis.com/v1/projects/nuzihi-web/billingInfo 200
[debug] [2025-03-08T13:35:34.075Z] <<< [apiv2][body] GET https://cloudbilling.googleapis.com/v1/projects/nuzihi-web/billingInfo {"name":"projects/nuzihi-web/billingInfo","projectId":"nuzihi-web","billingAccountName":"","billingEnabled":false}
[info] i  dataconnect: ensuring required API sqladmin.googleapis.com is enabled... 
[debug] [2025-03-08T13:35:34.079Z] Checked if tokens are valid: true, expires at: 1741444522748
[debug] [2025-03-08T13:35:34.080Z] Checked if tokens are valid: true, expires at: 1741444522748
[debug] [2025-03-08T13:35:34.081Z] >>> [apiv2][query] GET https://serviceusage.googleapis.com/v1/projects/nuzihi-web/services/sqladmin.googleapis.com [none]
[debug] [2025-03-08T13:35:34.081Z] >>> [apiv2][(partial)header] GET https://serviceusage.googleapis.com/v1/projects/nuzihi-web/services/sqladmin.googleapis.com x-goog-quota-user=projects/nuzihi-web
[debug] [2025-03-08T13:35:36.119Z] <<< [apiv2][status] GET https://serviceusage.googleapis.com/v1/projects/nuzihi-web/services/sqladmin.googleapis.com 200
[debug] [2025-03-08T13:35:36.119Z] <<< [apiv2][body] GET https://serviceusage.googleapis.com/v1/projects/nuzihi-web/services/sqladmin.googleapis.com [omitted]
[warn] !  dataconnect: missing required API sqladmin.googleapis.com. Enabling now... 
[debug] [2025-03-08T13:35:36.124Z] Checked if tokens are valid: true, expires at: 1741444522748
[debug] [2025-03-08T13:35:36.125Z] Checked if tokens are valid: true, expires at: 1741444522748
[debug] [2025-03-08T13:35:36.126Z] >>> [apiv2][query] POST https://serviceusage.googleapis.com/v1/projects/nuzihi-web/services/sqladmin.googleapis.com:enable [none]
[debug] [2025-03-08T13:35:36.126Z] >>> [apiv2][(partial)header] POST https://serviceusage.googleapis.com/v1/projects/nuzihi-web/services/sqladmin.googleapis.com:enable x-goog-quota-user=projects/nuzihi-web
[debug] [2025-03-08T13:35:37.957Z] <<< [apiv2][status] POST https://serviceusage.googleapis.com/v1/projects/nuzihi-web/services/sqladmin.googleapis.com:enable 200
[debug] [2025-03-08T13:35:37.957Z] <<< [apiv2][body] POST https://serviceusage.googleapis.com/v1/projects/nuzihi-web/services/sqladmin.googleapis.com:enable [omitted]
[debug] [2025-03-08T13:35:47.962Z] Checked if tokens are valid: true, expires at: 1741444522748
[debug] [2025-03-08T13:35:47.963Z] Checked if tokens are valid: true, expires at: 1741444522748
[debug] [2025-03-08T13:35:47.963Z] >>> [apiv2][query] GET https://serviceusage.googleapis.com/v1/projects/nuzihi-web/services/sqladmin.googleapis.com [none]
[debug] [2025-03-08T13:35:47.963Z] >>> [apiv2][(partial)header] GET https://serviceusage.googleapis.com/v1/projects/nuzihi-web/services/sqladmin.googleapis.com x-goog-quota-user=projects/nuzihi-web
[debug] [2025-03-08T13:35:49.585Z] <<< [apiv2][status] GET https://serviceusage.googleapis.com/v1/projects/nuzihi-web/services/sqladmin.googleapis.com 200
[debug] [2025-03-08T13:35:49.585Z] <<< [apiv2][body] GET https://serviceusage.googleapis.com/v1/projects/nuzihi-web/services/sqladmin.googleapis.com [omitted]
[info] +  dataconnect: required API sqladmin.googleapis.com is enabled 
[info] +  Wrote dataconnect\dataconnect.yaml 
[info] +  Wrote dataconnect\schema\schema.gql 
[info] +  Wrote dataconnect\connector\connector.yaml 
[info] +  Wrote dataconnect\connector\queries.gql 
[info] +  Wrote dataconnect\connector\mutations.gql 
[info] +  Detected WEB app in directory C:\Users\josphat mande\afyanafsi\afyanafsi 
[info] i  Wrote new config to C:\Users\josphat mande\afyanafsi\afyanafsi\dataconnect\connector/connector.yaml 
[info] I0308 16:36:17.044636   26836 codegen.go:82] [connector "default" javascriptSdk] Generating sources into "C:\\Users\\josphat mande\\afyanafsi\\afyanafsi\\dataconnect-generated\\js\\default-connector"
I0308 16:36:17.047734   26836 generate.go:40] Generated all sources. Writing them to disk...
I0308 16:36:17.060273   26836 collector.go:107] connector "default" javascriptSdk wrote into "C:\\Users\\josphat mande\\afyanafsi\\afyanafsi\\dataconnect-generated\\js\\default-connector"
Generated sources: index.d.ts [261B] esm\index.esm.js [168B] esm\package.json [17B] index.cjs.js [209B] package.json [634B] README.md [2740B] 
I0308 16:36:17.088601   26836 installsdk.go:76] Running command: C:\Program Files\nodejs\npm.cmd install file:dataconnect-generated\js\default-connector

[info] i  Generated SDK code for default 
[info] +  If you'd like to add more generated SDKs to your app your later, run firebase init dataconnect:sdk again 
[info] i  If you'd like to provision a CloudSQL Postgres instance on the Firebase Data Connect no-cost trial:
1. Please upgrade to the pay-as-you-go (Blaze) billing plan. Visit the following page:
     https://console.firebase.google.com/project/nuzihi-web/usage/details
2. Run firebase init dataconnect again to configure the Cloud SQL instance.
3. Run firebase deploy --only dataconnect to deploy your Data Connect service. 
[info] 
=== Firestore Setup
[debug] [2025-03-08T13:36:25.950Z] Checked if tokens are valid: true, expires at: 1741444522748
[debug] [2025-03-08T13:36:25.950Z] Checked if tokens are valid: true, expires at: 1741444522748
[debug] [2025-03-08T13:36:25.951Z] >>> [apiv2][query] GET https://serviceusage.googleapis.com/v1/projects/nuzihi-web/services/firestore.googleapis.com [none]
[debug] [2025-03-08T13:36:25.951Z] >>> [apiv2][(partial)header] GET https://serviceusage.googleapis.com/v1/projects/nuzihi-web/services/firestore.googleapis.com x-goog-quota-user=projects/nuzihi-web
[debug] [2025-03-08T13:36:27.717Z] <<< [apiv2][status] GET https://serviceusage.googleapis.com/v1/projects/nuzihi-web/services/firestore.googleapis.com 200
[debug] [2025-03-08T13:36:27.717Z] <<< [apiv2][body] GET https://serviceusage.googleapis.com/v1/projects/nuzihi-web/services/firestore.googleapis.com [omitted]
[debug] [2025-03-08T13:36:27.719Z] Checked if tokens are valid: true, expires at: 1741444522748
[debug] [2025-03-08T13:36:27.719Z] Checked if tokens are valid: true, expires at: 1741444522748
[debug] [2025-03-08T13:36:27.719Z] >>> [apiv2][query] GET https://firestore.googleapis.com/v1/projects/nuzihi-web/databases/(default) [none]
[debug] [2025-03-08T13:36:29.480Z] <<< [apiv2][status] GET https://firestore.googleapis.com/v1/projects/nuzihi-web/databases/(default) 200
[debug] [2025-03-08T13:36:29.480Z] <<< [apiv2][body] GET https://firestore.googleapis.com/v1/projects/nuzihi-web/databases/(default) {"name":"projects/nuzihi-web/databases/(default)","uid":"5027e68d-775a-4db3-a3a0-66c59bb2b62f","createTime":"2024-07-16T10:53:19.876791Z","updateTime":"2024-07-16T10:53:19.876791Z","locationId":"nam5","type":"FIRESTORE_NATIVE","concurrencyMode":"PESSIMISTIC","versionRetentionPeriod":"3600s","earliestVersionTime":"2025-03-08T12:36:29.922349Z","appEngineIntegrationMode":"DISABLED","keyPrefix":"s","pointInTimeRecoveryEnablement":"POINT_IN_TIME_RECOVERY_DISABLED","deleteProtectionState":"DELETE_PROTECTION_DISABLED","databaseEdition":"STANDARD","etag":"IK2A6JzN+osDMMCq9KL73okD"}
[debug] [2025-03-08T13:36:29.480Z] database_type: FIRESTORE_NATIVE
[debug] [2025-03-08T13:36:29.480Z] database_type: FIRESTORE_NATIVE
[debug] [2025-03-08T13:36:29.481Z] > command requires scopes: ["email","openid","https://www.googleapis.com/auth/cloudplatformprojects.readonly","https://www.googleapis.com/auth/firebase","https://www.googleapis.com/auth/cloud-platform"]
[debug] [2025-03-08T13:36:29.481Z] > authorizing via signed-in user (jassymande19@gmail.com)
[debug] [2025-03-08T13:36:29.481Z] [iam] checking project nuzihi-web for permissions ["firebase.projects.get"]
[debug] [2025-03-08T13:36:29.482Z] Checked if tokens are valid: true, expires at: 1741444522748
[debug] [2025-03-08T13:36:29.482Z] Checked if tokens are valid: true, expires at: 1741444522748
[debug] [2025-03-08T13:36:29.482Z] >>> [apiv2][query] POST https://cloudresourcemanager.googleapis.com/v1/projects/nuzihi-web:testIamPermissions [none]
[debug] [2025-03-08T13:36:29.482Z] >>> [apiv2][(partial)header] POST https://cloudresourcemanager.googleapis.com/v1/projects/nuzihi-web:testIamPermissions x-goog-quota-user=projects/nuzihi-web
[debug] [2025-03-08T13:36:29.483Z] >>> [apiv2][body] POST https://cloudresourcemanager.googleapis.com/v1/projects/nuzihi-web:testIamPermissions {"permissions":["firebase.projects.get"]}
[debug] [2025-03-08T13:36:31.300Z] <<< [apiv2][status] POST https://cloudresourcemanager.googleapis.com/v1/projects/nuzihi-web:testIamPermissions 200
[debug] [2025-03-08T13:36:31.301Z] <<< [apiv2][body] POST https://cloudresourcemanager.googleapis.com/v1/projects/nuzihi-web:testIamPermissions {"permissions":["firebase.projects.get"]}
[info] 
[info] Firestore Security Rules allow you to define how and when to allow
[info] requests. You can keep these rules in your project directory
[info] and publish them with firebase deploy.
[info] 
[debug] [2025-03-08T13:37:05.217Z] Checked if tokens are valid: true, expires at: 1741444522748
[debug] [2025-03-08T13:37:05.217Z] Checked if tokens are valid: true, expires at: 1741444522748
[debug] [2025-03-08T13:37:05.218Z] >>> [apiv2][query] GET https://firebaserules.googleapis.com/v1/projects/nuzihi-web/releases pageSize=10&pageToken=
[debug] [2025-03-08T13:37:06.627Z] <<< [apiv2][status] GET https://firebaserules.googleapis.com/v1/projects/nuzihi-web/releases 200
[debug] [2025-03-08T13:37:06.628Z] <<< [apiv2][body] GET https://firebaserules.googleapis.com/v1/projects/nuzihi-web/releases {"releases":[{"name":"projects/nuzihi-web/releases/cloud.firestore","rulesetName":"projects/nuzihi-web/rulesets/659f9277-dc97-4c37-8252-68bb40b1fb0c","createTime":"2024-07-16T10:53:26.125893Z","updateTime":"2024-08-18T19:02:45.872860Z"}]}
[debug] [2025-03-08T13:37:06.629Z] Found ruleset: projects/nuzihi-web/rulesets/659f9277-dc97-4c37-8252-68bb40b1fb0c
[debug] [2025-03-08T13:37:06.630Z] Checked if tokens are valid: true, expires at: 1741444522748
[debug] [2025-03-08T13:37:06.630Z] Checked if tokens are valid: true, expires at: 1741444522748
[debug] [2025-03-08T13:37:06.631Z] >>> [apiv2][query] GET https://firebaserules.googleapis.com/v1/projects/nuzihi-web/rulesets/659f9277-dc97-4c37-8252-68bb40b1fb0c [none]
[debug] [2025-03-08T13:37:07.443Z] <<< [apiv2][status] GET https://firebaserules.googleapis.com/v1/projects/nuzihi-web/rulesets/659f9277-dc97-4c37-8252-68bb40b1fb0c 200
[debug] [2025-03-08T13:37:07.443Z] <<< [apiv2][body] GET https://firebaserules.googleapis.com/v1/projects/nuzihi-web/rulesets/659f9277-dc97-4c37-8252-68bb40b1fb0c [omitted]
[info] 
[info] Firestore indexes allow you to perform complex queries while
[info] maintaining performance that scales with the size of the result
[info] set. You can keep index definitions in your project directory
[info] and publish them with firebase deploy.
[info] 
[debug] [2025-03-08T13:37:22.150Z] Checked if tokens are valid: true, expires at: 1741444522748
[debug] [2025-03-08T13:37:22.151Z] Checked if tokens are valid: true, expires at: 1741444522748
[debug] [2025-03-08T13:37:22.151Z] Checked if tokens are valid: true, expires at: 1741444522748
[debug] [2025-03-08T13:37:22.151Z] Checked if tokens are valid: true, expires at: 1741444522748
[debug] [2025-03-08T13:37:22.152Z] >>> [apiv2][query] GET https://firestore.googleapis.com/v1/projects/nuzihi-web/databases/(default)/collectionGroups/-/indexes [none]
[debug] [2025-03-08T13:37:22.156Z] >>> [apiv2][query] GET https://firestore.googleapis.com/v1/projects/nuzihi-web/databases/(default)/collectionGroups/-/fields?filter=indexConfig.usesAncestorConfig=false OR ttlConfig:* [none]
[debug] [2025-03-08T13:37:24.143Z] <<< [apiv2][status] GET https://firestore.googleapis.com/v1/projects/nuzihi-web/databases/(default)/collectionGroups/-/indexes 200
[debug] [2025-03-08T13:37:24.143Z] <<< [apiv2][body] GET https://firestore.googleapis.com/v1/projects/nuzihi-web/databases/(default)/collectionGroups/-/indexes {}
[debug] [2025-03-08T13:37:24.144Z] <<< [apiv2][status] GET https://firestore.googleapis.com/v1/projects/nuzihi-web/databases/(default)/collectionGroups/-/fields?filter=indexConfig.usesAncestorConfig=false OR ttlConfig:* 200
[debug] [2025-03-08T13:37:24.145Z] <<< [apiv2][body] GET https://firestore.googleapis.com/v1/projects/nuzihi-web/databases/(default)/collectionGroups/-/fields?filter=indexConfig.usesAncestorConfig=false OR ttlConfig:* {"fields":[{"name":"projects/nuzihi-web/databases/(default)/collectionGroups/__default__/fields/*","indexConfig":{"indexes":[{"queryScope":"COLLECTION","fields":[{"fieldPath":"*","order":"ASCENDING"}],"state":"READY"},{"queryScope":"COLLECTION","fields":[{"fieldPath":"*","order":"DESCENDING"}],"state":"READY"},{"queryScope":"COLLECTION","fields":[{"fieldPath":"*","arrayConfig":"CONTAINS"}],"state":"READY"}]}}]}
[info] 
=== Genkit Setup
[debug] [2025-03-08T13:37:36.267Z] > command requires scopes: ["email","openid","https://www.googleapis.com/auth/cloudplatformprojects.readonly","https://www.googleapis.com/auth/firebase","https://www.googleapis.com/auth/cloud-platform"]
[debug] [2025-03-08T13:37:36.268Z] > authorizing via signed-in user (jassymande19@gmail.com)
[debug] [2025-03-08T13:37:36.268Z] [iam] checking project nuzihi-web for permissions ["firebase.projects.get"]
[debug] [2025-03-08T13:37:36.268Z] Checked if tokens are valid: true, expires at: 1741444522748
[debug] [2025-03-08T13:37:36.268Z] Checked if tokens are valid: true, expires at: 1741444522748
[debug] [2025-03-08T13:37:36.269Z] >>> [apiv2][query] POST https://cloudresourcemanager.googleapis.com/v1/projects/nuzihi-web:testIamPermissions [none]
[debug] [2025-03-08T13:37:36.269Z] >>> [apiv2][(partial)header] POST https://cloudresourcemanager.googleapis.com/v1/projects/nuzihi-web:testIamPermissions x-goog-quota-user=projects/nuzihi-web
[debug] [2025-03-08T13:37:36.269Z] >>> [apiv2][body] POST https://cloudresourcemanager.googleapis.com/v1/projects/nuzihi-web:testIamPermissions {"permissions":["firebase.projects.get"]}
[debug] [2025-03-08T13:37:37.851Z] <<< [apiv2][status] POST https://cloudresourcemanager.googleapis.com/v1/projects/nuzihi-web:testIamPermissions 200
[debug] [2025-03-08T13:37:37.852Z] <<< [apiv2][body] POST https://cloudresourcemanager.googleapis.com/v1/projects/nuzihi-web:testIamPermissions {"permissions":["firebase.projects.get"]}
[debug] [2025-03-08T13:37:37.854Z] Checked if tokens are valid: true, expires at: 1741444522748
[debug] [2025-03-08T13:37:37.854Z] Checked if tokens are valid: true, expires at: 1741444522748
[debug] [2025-03-08T13:37:37.855Z] Checked if tokens are valid: true, expires at: 1741444522748
[debug] [2025-03-08T13:37:37.855Z] Checked if tokens are valid: true, expires at: 1741444522748
[debug] [2025-03-08T13:37:37.856Z] >>> [apiv2][query] GET https://serviceusage.googleapis.com/v1/projects/nuzihi-web/services/cloudfunctions.googleapis.com [none]
[debug] [2025-03-08T13:37:37.856Z] >>> [apiv2][(partial)header] GET https://serviceusage.googleapis.com/v1/projects/nuzihi-web/services/cloudfunctions.googleapis.com x-goog-quota-user=projects/nuzihi-web
[debug] [2025-03-08T13:37:37.864Z] >>> [apiv2][query] GET https://serviceusage.googleapis.com/v1/projects/nuzihi-web/services/runtimeconfig.googleapis.com [none]
[debug] [2025-03-08T13:37:37.865Z] >>> [apiv2][(partial)header] GET https://serviceusage.googleapis.com/v1/projects/nuzihi-web/services/runtimeconfig.googleapis.com x-goog-quota-user=projects/nuzihi-web
[debug] [2025-03-08T13:37:39.609Z] <<< [apiv2][status] GET https://serviceusage.googleapis.com/v1/projects/nuzihi-web/services/cloudfunctions.googleapis.com 200
[debug] [2025-03-08T13:37:39.609Z] <<< [apiv2][body] GET https://serviceusage.googleapis.com/v1/projects/nuzihi-web/services/cloudfunctions.googleapis.com [omitted]
[debug] [2025-03-08T13:37:39.609Z] Checked if tokens are valid: true, expires at: 1741444522748
[debug] [2025-03-08T13:37:39.609Z] Checked if tokens are valid: true, expires at: 1741444522748
[debug] [2025-03-08T13:37:39.610Z] >>> [apiv2][query] POST https://serviceusage.googleapis.com/v1/projects/nuzihi-web/services/cloudfunctions.googleapis.com:enable [none]
[debug] [2025-03-08T13:37:39.610Z] >>> [apiv2][(partial)header] POST https://serviceusage.googleapis.com/v1/projects/nuzihi-web/services/cloudfunctions.googleapis.com:enable x-goog-quota-user=projects/nuzihi-web
[debug] [2025-03-08T13:37:39.612Z] <<< [apiv2][status] GET https://serviceusage.googleapis.com/v1/projects/nuzihi-web/services/runtimeconfig.googleapis.com 200
[debug] [2025-03-08T13:37:39.612Z] <<< [apiv2][body] GET https://serviceusage.googleapis.com/v1/projects/nuzihi-web/services/runtimeconfig.googleapis.com [omitted]
[debug] [2025-03-08T13:37:41.448Z] <<< [apiv2][status] POST https://serviceusage.googleapis.com/v1/projects/nuzihi-web/services/cloudfunctions.googleapis.com:enable 200
[debug] [2025-03-08T13:37:41.448Z] <<< [apiv2][body] POST https://serviceusage.googleapis.com/v1/projects/nuzihi-web/services/cloudfunctions.googleapis.com:enable [omitted]
[debug] [2025-03-08T13:37:51.457Z] Checked if tokens are valid: true, expires at: 1741444522748
[debug] [2025-03-08T13:37:51.458Z] Checked if tokens are valid: true, expires at: 1741444522748
[debug] [2025-03-08T13:37:51.458Z] >>> [apiv2][query] GET https://serviceusage.googleapis.com/v1/projects/nuzihi-web/services/cloudfunctions.googleapis.com [none]
[debug] [2025-03-08T13:37:51.458Z] >>> [apiv2][(partial)header] GET https://serviceusage.googleapis.com/v1/projects/nuzihi-web/services/cloudfunctions.googleapis.com x-goog-quota-user=projects/nuzihi-web
[debug] [2025-03-08T13:37:53.228Z] <<< [apiv2][status] GET https://serviceusage.googleapis.com/v1/projects/nuzihi-web/services/cloudfunctions.googleapis.com 200
[debug] [2025-03-08T13:37:53.229Z] <<< [apiv2][body] GET https://serviceusage.googleapis.com/v1/projects/nuzihi-web/services/cloudfunctions.googleapis.com [omitted]
[info] Let's create a new codebase for your functions.
[info] A directory corresponding to the codebase will be created in your project
[info] with sample code pre-configured.

[info] See https://firebase.google.com/docs/functions/organize-functions for
[info] more information on organizing your functions using codebases.

[info] Functions can be deployed with firebase deploy.

[info] +  Wrote functions/package.json 
[info] +  Wrote functions/.eslintrc.js 
[info] +  Wrote functions/tsconfig.json 
[info] +  Wrote functions/tsconfig.dev.json 
[info] +  Wrote functions/src/index.ts 
[info] +  Wrote functions/.gitignore 
[info] 
[info] i  genkit: Installing Genkit CLI version 1.1.0
 
[info] i  genkit: Installing NPM packages for genkit 
[info] +  genkit: Successfully installed NPM packages 
[info] i  genkit: Updating tsconfig.json 
[info] +  genkit: Successfully updated tsconfig.json 
[info] i  genkit: Updating package.json 
[info] +  genkit: Successfully updated package.json 
[info] i  genkit: Generating sample file 
[info] +  genkit: Successfully generated sample file (src/genkit-sample.ts) 
[info] Start the Genkit developer experience by running:
[info]     cd functions && npm run genkit:start
[info] 
=== Functions Setup
[debug] [2025-03-08T13:47:42.294Z] > command requires scopes: ["email","openid","https://www.googleapis.com/auth/cloudplatformprojects.readonly","https://www.googleapis.com/auth/firebase","https://www.googleapis.com/auth/cloud-platform"]
[debug] [2025-03-08T13:47:42.297Z] > authorizing via signed-in user (jassymande19@gmail.com)
[debug] [2025-03-08T13:47:42.298Z] [iam] checking project nuzihi-web for permissions ["firebase.projects.get"]
[debug] [2025-03-08T13:47:42.311Z] Checked if tokens are valid: true, expires at: 1741444522748
[debug] [2025-03-08T13:47:42.311Z] Checked if tokens are valid: true, expires at: 1741444522748
[debug] [2025-03-08T13:47:42.316Z] >>> [apiv2][query] POST https://cloudresourcemanager.googleapis.com/v1/projects/nuzihi-web:testIamPermissions [none]
[debug] [2025-03-08T13:47:42.316Z] >>> [apiv2][(partial)header] POST https://cloudresourcemanager.googleapis.com/v1/projects/nuzihi-web:testIamPermissions x-goog-quota-user=projects/nuzihi-web
[debug] [2025-03-08T13:47:42.317Z] >>> [apiv2][body] POST https://cloudresourcemanager.googleapis.com/v1/projects/nuzihi-web:testIamPermissions {"permissions":["firebase.projects.get"]}
[debug] [2025-03-08T13:47:44.178Z] <<< [apiv2][status] POST https://cloudresourcemanager.googleapis.com/v1/projects/nuzihi-web:testIamPermissions 200
[debug] [2025-03-08T13:47:44.178Z] <<< [apiv2][body] POST https://cloudresourcemanager.googleapis.com/v1/projects/nuzihi-web:testIamPermissions {"permissions":["firebase.projects.get"]}
[debug] [2025-03-08T13:47:44.180Z] Checked if tokens are valid: true, expires at: 1741444522748
[debug] [2025-03-08T13:47:44.180Z] Checked if tokens are valid: true, expires at: 1741444522748
[debug] [2025-03-08T13:47:44.181Z] Checked if tokens are valid: true, expires at: 1741444522748
[debug] [2025-03-08T13:47:44.181Z] Checked if tokens are valid: true, expires at: 1741444522748
[debug] [2025-03-08T13:47:44.181Z] >>> [apiv2][query] GET https://serviceusage.googleapis.com/v1/projects/nuzihi-web/services/cloudfunctions.googleapis.com [none]
[debug] [2025-03-08T13:47:44.182Z] >>> [apiv2][(partial)header] GET https://serviceusage.googleapis.com/v1/projects/nuzihi-web/services/cloudfunctions.googleapis.com x-goog-quota-user=projects/nuzihi-web
[debug] [2025-03-08T13:47:44.186Z] >>> [apiv2][query] GET https://serviceusage.googleapis.com/v1/projects/nuzihi-web/services/runtimeconfig.googleapis.com [none]
[debug] [2025-03-08T13:47:44.186Z] >>> [apiv2][(partial)header] GET https://serviceusage.googleapis.com/v1/projects/nuzihi-web/services/runtimeconfig.googleapis.com x-goog-quota-user=projects/nuzihi-web
[debug] [2025-03-08T13:47:46.124Z] <<< [apiv2][status] GET https://serviceusage.googleapis.com/v1/projects/nuzihi-web/services/runtimeconfig.googleapis.com 200
[debug] [2025-03-08T13:47:46.124Z] <<< [apiv2][body] GET https://serviceusage.googleapis.com/v1/projects/nuzihi-web/services/runtimeconfig.googleapis.com [omitted]
[debug] [2025-03-08T13:47:46.137Z] <<< [apiv2][status] GET https://serviceusage.googleapis.com/v1/projects/nuzihi-web/services/cloudfunctions.googleapis.com 200
[debug] [2025-03-08T13:47:46.137Z] <<< [apiv2][body] GET https://serviceusage.googleapis.com/v1/projects/nuzihi-web/services/cloudfunctions.googleapis.com [omitted]
[info] 
Detected existing codebase(s): default

[info] Let's create a new codebase for your functions.
[info] A directory corresponding to the codebase will be created in your project
[info] with sample code pre-configured.

[info] See https://firebase.google.com/docs/functions/organize-functions for
[info] more information on organizing your functions using codebases.

[info] Functions can be deployed with firebase deploy.

[info] +  Wrote afyanafsigenkit/package.json 
[info] +  Wrote afyanafsigenkit/.eslintrc.js 
[info] +  Wrote afyanafsigenkit/index.js 
[info] +  Wrote afyanafsigenkit/.gitignore 
[info] 
=== Apphosting Setup
[debug] [2025-03-08T13:50:47.650Z] Checked if tokens are valid: true, expires at: 1741444522748
[debug] [2025-03-08T13:50:47.651Z] Checked if tokens are valid: true, expires at: 1741444522748
[debug] [2025-03-08T13:50:47.651Z] >>> [apiv2][query] GET https://cloudbilling.googleapis.com/v1/projects/nuzihi-web/billingInfo [none]
[debug] [2025-03-08T13:50:48.839Z] <<< [apiv2][status] GET https://cloudbilling.googleapis.com/v1/projects/nuzihi-web/billingInfo 200
[debug] [2025-03-08T13:50:48.839Z] <<< [apiv2][body] GET https://cloudbilling.googleapis.com/v1/projects/nuzihi-web/billingInfo {"name":"projects/nuzihi-web/billingInfo","projectId":"nuzihi-web","billingAccountName":"","billingEnabled":false}
[info] i  Writing default settings to apphosting.yaml... 
[info] +  Wrote apphosting.yaml 
[info] +  Create a new App Hosting backend with `firebase apphosting:backends:create` 
[info] 
=== Hosting Setup
[debug] [2025-03-08T13:50:48.863Z] Checked if tokens are valid: true, expires at: 1741444522748
[debug] [2025-03-08T13:50:48.863Z] Checked if tokens are valid: true, expires at: 1741444522748
[debug] [2025-03-08T13:50:48.865Z] >>> [apiv2][query] GET https://firebase.googleapis.com/v1beta1/projects/nuzihi-web [none]
[debug] [2025-03-08T13:50:49.514Z] <<< [apiv2][status] GET https://firebase.googleapis.com/v1beta1/projects/nuzihi-web 200
[debug] [2025-03-08T13:50:49.514Z] <<< [apiv2][body] GET https://firebase.googleapis.com/v1beta1/projects/nuzihi-web {"projectId":"nuzihi-web","projectNumber":"923531625640","displayName":"Nuzihi-web","name":"projects/nuzihi-web","resources":{"hostingSite":"nuzihi-web"},"state":"ACTIVE","etag":"1_3f1df44d-6ea6-4759-b174-e02010ffd49c"}
[info] 
[info] Your public directory is the folder (relative to your project directory) that
[info] will contain Hosting assets to be uploaded with firebase deploy. If you
[info] have a build process for your assets, use your build's output directory.
[info] 
[debug] [2025-03-08T13:53:28.456Z] >>> [apiv2][query] GET https://www.gstatic.com/firebasejs/releases.json [none]
[debug] [2025-03-08T13:53:28.840Z] <<< [apiv2][status] GET https://www.gstatic.com/firebasejs/releases.json 200
[debug] [2025-03-08T13:53:28.840Z] <<< [apiv2][body] GET https://www.gstatic.com/firebasejs/releases.json {"current":{"version":"11.4.0","browserURL":"https://www.gstatic.com/firebasejs/11.4.0/firebase.js","packageURL":"https://www.gstatic.com/firebasejs/11.4.0/firebase.tgz"},"live":{"version":"11.4","browserURL":"https://www.gstatic.com/firebasejs/live/11.4/firebase.js","packageURL":"https://www.gstatic.com/firebasejs/live/11.4/firebase.tgz"},"components":{"analytics":"https://www.gstatic.com/firebasejs/11.4.0/firebase-analytics.js","app":"https://www.gstatic.com/firebasejs/11.4.0/firebase-app.js","app-check":"https://www.gstatic.com/firebasejs/11.4.0/firebase-app-check.js","auth":"https://www.gstatic.com/firebasejs/11.4.0/firebase-auth.js","auth/cordova":"https://www.gstatic.com/firebasejs/11.4.0/firebase-auth/cordova.js","auth/web-extension":"https://www.gstatic.com/firebasejs/11.4.0/firebase-auth/web-extension.js","functions":"https://www.gstatic.com/firebasejs/11.4.0/firebase-functions.js","firestore":"https://www.gstatic.com/firebasejs/11.4.0/firebase-firestore.js","firestore/lite":"https://www.gstatic.com/firebasejs/11.4.0/firebase-firestore/lite.js","installations":"https://www.gstatic.com/firebasejs/11.4.0/firebase-installations.js","storage":"https://www.gstatic.com/firebasejs/11.4.0/firebase-storage.js","performance":"https://www.gstatic.com/firebasejs/11.4.0/firebase-performance.js","remote-config":"https://www.gstatic.com/firebasejs/11.4.0/firebase-remote-config.js","messaging":"https://www.gstatic.com/firebasejs/11.4.0/firebase-messaging.js","messaging/sw":"https://www.gstatic.com/firebasejs/11.4.0/firebase-messaging/sw.js","database":"https://www.gstatic.com/firebasejs/11.4.0/firebase-database.js","vertexai":"https://www.gstatic.com/firebasejs/11.4.0/firebase-vertexai.js","data-connect":"https://www.gstatic.com/firebasejs/11.4.0/firebase-data-connect.js","firestore.memory":"https://www.gstatic.com/firebasejs/11.4.0/firebase-firestore.memory.js"}}
[info] +  Wrote public/index.html 
[info] 
[info] i  Detected a .git folder at C:\Users\josphat mande\afyanafsi\afyanafsi 
[info] i  Authorizing with GitHub to upload your service account to a GitHub repository's secrets store. 
[info] 
[info] Visit this URL on this device to log in:
[info] https://github.com/login/oauth/authorize?client_id=89cf50f02ac6aaed3484&state=1036820488&redirect_uri=http%3A%2F%2Flocalhost%3A9005&scope=read%3Auser%20repo%20public_repo
[info] 
[info] Waiting for authentication...
[debug] [2025-03-08T13:54:29.010Z] >>> [apiv2][query] POST https://github.com/login/oauth/access_token [none]
[debug] [2025-03-08T13:54:29.011Z] >>> [apiv2][body] POST https://github.com/login/oauth/access_token [stream]
[debug] [2025-03-08T13:54:29.738Z] <<< [apiv2][status] POST https://github.com/login/oauth/access_token 200
[debug] [2025-03-08T13:54:29.739Z] <<< [apiv2][body] POST https://github.com/login/oauth/access_token {"access_token":"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","token_type":"bearer","scope":"read:user,repo"}
[debug] [2025-03-08T13:54:29.795Z] >>> [apiv2][query] GET https://api.github.com/user [none]
[debug] [2025-03-08T13:54:30.389Z] <<< [apiv2][status] GET https://api.github.com/user 200
[debug] [2025-03-08T13:54:30.390Z] <<< [apiv2][body] GET https://api.github.com/user {"login":"Josephat-Mande","id":120364677,"node_id":"U_kgDOByyehQ","avatar_url":"https://avatars.githubusercontent.com/u/120364677?v=4","gravatar_id":"","url":"https://api.github.com/users/Josephat-Mande","html_url":"https://github.com/Josephat-Mande","followers_url":"https://api.github.com/users/Josephat-Mande/followers","following_url":"https://api.github.com/users/Josephat-Mande/following{/other_user}","gists_url":"https://api.github.com/users/Josephat-Mande/gists{/gist_id}","starred_url":"https://api.github.com/users/Josephat-Mande/starred{/owner}{/repo}","subscriptions_url":"https://api.github.com/users/Josephat-Mande/subscriptions","organizations_url":"https://api.github.com/users/Josephat-Mande/orgs","repos_url":"https://api.github.com/users/Josephat-Mande/repos","events_url":"https://api.github.com/users/Josephat-Mande/events{/privacy}","received_events_url":"https://api.github.com/users/Josephat-Mande/received_events","type":"User","user_view_type":"private","site_admin":false,"name":"mandeh","company":null,"blog":"","location":null,"email":null,"hireable":null,"bio":"@nuzihi ","twitter_username":null,"notification_email":null,"public_repos":10,"public_gists":0,"followers":2,"following":7,"created_at":"2022-12-12T07:29:27Z","updated_at":"2025-03-08T13:54:05Z","private_gists":0,"total_private_repos":7,"owned_private_repos":6,"disk_usage":7027,"collaborators":0,"two_factor_authentication":true,"plan":{"name":"free","space":976562499,"collaborators":0,"private_repos":10000}}
[info] 
[info] +  Success! Logged into GitHub as Josephat-Mande 
[info] 
[debug] [2025-03-08T13:55:00.351Z] >>> [apiv2][query] GET https://api.github.com/repos//actions/secrets/public-key type=owner
[debug] [2025-03-08T13:55:00.878Z] <<< [apiv2][status] GET https://api.github.com/repos//actions/secrets/public-key 404
[debug] [2025-03-08T13:55:00.878Z] <<< [apiv2][body] GET https://api.github.com/repos//actions/secrets/public-key {"message":"Not Found","documentation_url":"https://docs.github.com/rest","status":"404"}
[info] 
[info] 
[error] !  The provided authorization cannot be used with this repository. If this repository is in an organization, did you remember to grant access? 
[info] 
[info] i  Action required: Visit this URL to ensure access has been granted to the appropriate organization(s) for the Firebase CLI GitHub OAuth App: 
[info] https://github.com/settings/connections/applications/89cf50f02ac6aaed3484
[info] 
